WCCILpmon    (1), 2021.01.28 09:40:47.664, SYS,  INFO,        1, Manager Start, WAIT_MODE
WCCILpmon    (1), 2021.01.28 09:41:14.589, SYS,  INFO,       24/pmon, Got START command from ::1, starting the manager WCCOAui(1) at index 1
WCCILpmon    (1), 2021.01.28 09:41:14.648, SYS,  INFO,        1, Manager Start, C:\Siemens\Automation\WinCC_OA\3.17\bin\WCCOAui.exe -PROJ gitTest_Bobz -pmonIndex 1 -m gedi
WCCOAui      (0), 2021.01.28 09:41:15.851, SYS,  INFO,        1, Manager Start, PROJ, gitTest_Bobz, V 3.17 - 3.17   platform Windows AMD64 linked at Nov 19 2020 15:51:13 (a4110b0b1a3)
WCCOAui      (0), 2021.01.28 09:41:17.078, SYS,  INFO,        3, Trying to connect to (SYS: 0 Data -num 0 CONN: 1) @ winccoadev:4897
WCCOAui      (0), 2021.01.28 09:41:18.249, SYS,  INFO,        4, Connected to (SYS: 0 Data -num 0 CONN: 1) @ WINCCOADEV (fe80::412d:965d:d317:472f%11)
WCCOAui      (2), 2021.01.28 09:41:18.368, SYS,  INFO,        6, Initialization by Data Manager finished
WCCOAui      (2), 2021.01.28 09:41:18.369, SYS,  INFO,        3, Trying to connect to (SYS: 1 Event -num 0 CONN: 1) @ winccoadev:4998
WCCOAui      (2), 2021.01.28 09:41:18.811, SYS,  INFO,        4, Connected to (SYS: 1 Event -num 0 CONN: 1) @ WINCCOADEV (fe80::412d:965d:d317:472f%11)
WCCOAui      (2), 2021.01.28 09:41:18.916, SYS,  INFO,      102, Waiting for user names/passwords
WCCOAui      (2), 2021.01.28 09:41:18.932, SYS,  INFO,      103, User names/passwords initialized
WCCOAui      (2), 2021.01.28 09:41:18.947, SYS,  INFO,      102, Waiting for user names/passwords
WCCOAui      (2), 2021.01.28 09:41:25.758, SYS,  INFO,        0, , CtrlRDBArchive, Using DP element names for ReadRequests is enabled
WCCOAui      (2), 2021.01.28 09:57:28.461, SYS,  INFO,      181, Closing connection to (SYS: 1 Data -num 0 CONN: 1)
WCCOAui      (2), 2021.01.28 09:57:28.462, SYS,  INFO,      181, Closing connection to (SYS: 1 Event -num 0 CONN: 1)
WCCOAui      (2), 2021.01.28 09:57:28.464, SYS,  INFO,       39, Connection lost, MAN: (SYS: 1 Data -num 0 CONN: 1), Connection closed
WCCOAui      (2), 2021.01.28 09:57:28.465, SYS,  INFO,       39, Connection lost, MAN: (SYS: 1 Event -num 0 CONN: 1), Connection closed
WCCOAui      (2), 2021.01.28 09:57:28.610, SYS,  INFO,        2, Manager Stop
WCCILpmon    (1), 2021.01.28 09:57:32.026, SYS,  INFO,       20/pmon, Got START_ALL command from ::1, starting the project
WCCILpmon    (1), 2021.01.28 09:57:32.083, SYS,  INFO,        1, Manager Start, C:\Siemens\Automation\WinCC_OA\3.17\bin\WCCOAui.exe -PROJ gitTest_Bobz -pmonIndex 1 -m gedi
WCCOAui      (0), 2021.01.28 09:57:33.284, SYS,  INFO,        1, Manager Start, PROJ, gitTest_Bobz, V 3.17 - 3.17   platform Windows AMD64 linked at Nov 19 2020 15:51:13 (a4110b0b1a3)
WCCOAui      (0), 2021.01.28 09:57:34.536, SYS,  INFO,        3, Trying to connect to (SYS: 0 Data -num 0 CONN: 1) @ winccoadev:4897
WCCOAui      (0), 2021.01.28 09:57:35.683, SYS,  INFO,        4, Connected to (SYS: 0 Data -num 0 CONN: 1) @ WINCCOADEV (fe80::412d:965d:d317:472f%11)
WCCOAui      (2), 2021.01.28 09:57:35.841, SYS,  INFO,        6, Initialization by Data Manager finished
WCCOAui      (2), 2021.01.28 09:57:35.843, SYS,  INFO,        3, Trying to connect to (SYS: 1 Event -num 0 CONN: 1) @ winccoadev:4998
WCCOAui      (2), 2021.01.28 09:57:36.313, SYS,  INFO,        4, Connected to (SYS: 1 Event -num 0 CONN: 1) @ WINCCOADEV (fe80::412d:965d:d317:472f%11)
WCCOAui      (2), 2021.01.28 09:57:36.422, SYS,  INFO,      102, Waiting for user names/passwords
WCCOAui      (2), 2021.01.28 09:57:36.443, SYS,  INFO,      103, User names/passwords initialized
WCCOAui      (2), 2021.01.28 09:57:36.468, SYS,  INFO,      102, Waiting for user names/passwords
WCCILpmon    (1), 2021.01.28 09:57:36.495, SYS,  INFO,        9/pmon, The project is up and running. Entering monitor mode
WCCOAui      (2), 2021.01.28 09:57:43.689, SYS,  INFO,        0, , CtrlRDBArchive, Using DP element names for ReadRequests is enabled
WCCOAui      (2), 2021.01.28 09:59:44.648, SYS,  INFO,       39, Connection lost, MAN: (SYS: 1 Event -num 0 CONN: 1), Connection closed
WCCOAui      (2), 2021.01.28 09:59:49.825, SYS,  INFO,       39, Connection lost, MAN: (SYS: 1 Data -num 0 CONN: 1), Connection closed
WCCOAui      (2), 2021.01.28 09:59:49.827, SYS,  INFO,       39, Connection lost, MAN: (SYS: 1 Data -num 0 CONN: 1), Connection has been closed
WCCOAui      (2), 2021.01.28 10:01:45.412, SYS,  INFO,        2, Manager Stop
WCCILpmon    (1), 2021.01.28 10:10:23.501, SYS,  INFO,       24/pmon, Got START command from ::1, starting the manager WCCOAui(2) at index 1
WCCILpmon    (1), 2021.01.28 10:10:23.548, SYS,  INFO,        1, Manager Start, C:\Siemens\Automation\WinCC_OA\3.17\bin\WCCOAui.exe -PROJ gitTest_Bobz -pmonIndex 1 -m gedi
WCCOAui      (0), 2021.01.28 10:10:24.742, SYS,  INFO,        1, Manager Start, PROJ, gitTest_Bobz, V 3.17 - 3.17   platform Windows AMD64 linked at Nov 19 2020 15:51:13 (a4110b0b1a3)
WCCOAui      (0), 2021.01.28 10:10:26.032, SYS,  INFO,        3, Trying to connect to (SYS: 0 Data -num 0 CONN: 1) @ winccoadev:4897
WCCOAui      (0), 2021.01.28 10:10:27.214, SYS,  INFO,        4, Connected to (SYS: 0 Data -num 0 CONN: 1) @ WINCCOADEV (fe80::412d:965d:d317:472f%11)
WCCOAui      (2), 2021.01.28 10:10:27.422, SYS,  INFO,        6, Initialization by Data Manager finished
WCCOAui      (2), 2021.01.28 10:10:27.423, SYS,  INFO,        3, Trying to connect to (SYS: 1 Event -num 0 CONN: 1) @ winccoadev:4998
WCCOAui      (2), 2021.01.28 10:10:27.783, SYS,  INFO,        4, Connected to (SYS: 1 Event -num 0 CONN: 1) @ WINCCOADEV (fe80::412d:965d:d317:472f%11)
WCCOAui      (2), 2021.01.28 10:10:27.889, SYS,  INFO,      102, Waiting for user names/passwords
WCCOAui      (2), 2021.01.28 10:10:27.906, SYS,  INFO,      103, User names/passwords initialized
WCCOAui      (2), 2021.01.28 10:10:27.932, SYS,  INFO,      102, Waiting for user names/passwords
WCCOAui      (2), 2021.01.28 10:10:34.939, SYS,  INFO,        0, , CtrlRDBArchive, Using DP element names for ReadRequests is enabled
WCCOAui      (2), 2021.01.28 10:15:25.612, SYS,  INFO,      181, Closing connection to (SYS: 1 Data -num 0 CONN: 1)
WCCOAui      (2), 2021.01.28 10:15:25.612, SYS,  INFO,      181, Closing connection to (SYS: 1 Event -num 0 CONN: 1)
WCCOAui      (2), 2021.01.28 10:15:25.615, SYS,  INFO,       39, Connection lost, MAN: (SYS: 1 Data -num 0 CONN: 1), Connection closed
WCCOAui      (2), 2021.01.28 10:15:25.616, SYS,  INFO,       39, Connection lost, MAN: (SYS: 1 Event -num 0 CONN: 1), Connection closed
WCCOAui      (2), 2021.01.28 10:15:25.758, SYS,  INFO,        2, Manager Stop
WCCILpmon    (1), 2021.01.28 10:15:27.579, SYS,  INFO,       24/pmon, Got START command from ::1, starting the manager WCCOAui(2) at index 1
WCCILpmon    (1), 2021.01.28 10:15:27.625, SYS,  INFO,        1, Manager Start, C:\Siemens\Automation\WinCC_OA\3.17\bin\WCCOAui.exe -PROJ gitTest_Bobz -pmonIndex 1 -m gedi
WCCOAui      (0), 2021.01.28 10:15:28.818, SYS,  INFO,        1, Manager Start, PROJ, gitTest_Bobz, V 3.17 - 3.17   platform Windows AMD64 linked at Nov 19 2020 15:51:13 (a4110b0b1a3)
WCCOAui      (0), 2021.01.28 10:15:30.218, SYS,  INFO,        3, Trying to connect to (SYS: 0 Data -num 0 CONN: 1) @ winccoadev:4897
WCCOAui      (0), 2021.01.28 10:15:31.398, SYS,  INFO,        4, Connected to (SYS: 0 Data -num 0 CONN: 1) @ WINCCOADEV (fe80::412d:965d:d317:472f%11)
WCCOAui      (2), 2021.01.28 10:15:31.521, SYS,  INFO,        6, Initialization by Data Manager finished
WCCOAui      (2), 2021.01.28 10:15:31.523, SYS,  INFO,        3, Trying to connect to (SYS: 1 Event -num 0 CONN: 1) @ winccoadev:4998
WCCOAui      (2), 2021.01.28 10:15:32.042, SYS,  INFO,        4, Connected to (SYS: 1 Event -num 0 CONN: 1) @ WINCCOADEV (fe80::412d:965d:d317:472f%11)
WCCOAui      (2), 2021.01.28 10:15:32.149, SYS,  INFO,      102, Waiting for user names/passwords
WCCOAui      (2), 2021.01.28 10:15:32.170, SYS,  INFO,      103, User names/passwords initialized
WCCOAui      (2), 2021.01.28 10:15:32.197, SYS,  INFO,      102, Waiting for user names/passwords
WCCOAui      (2), 2021.01.28 10:15:39.495, SYS,  INFO,        0, , CtrlRDBArchive, Using DP element names for ReadRequests is enabled
